<?xml version="1.0" encoding="UTF-8"?>
<robot generator="Robot 4.1.1 (Python 3.9.7 on win32)" generated="20211009 06:59:50.480" rpa="false" schemaversion="2">
<suite id="s1" name="Robot" source="c:\Users\Felipe\Desktop\Teste Prime Control\testePrimeControl\robot.robot">
<kw name="Open Browser" library="Selenium2Library" type="SETUP">
<arg>${url_whatismyip}</arg>
<arg>${browser}</arg>
<doc>Opens a new browser instance to the optional ``url``.</doc>
<msg timestamp="20211009 06:59:51.692" level="INFO">Opening browser 'Chrome' to base url 'https://www.whatismyip.com/'.</msg>
<status status="PASS" starttime="20211009 06:59:51.692" endtime="20211009 07:00:06.344"/>
</kw>
<test id="s1-t1" name="Access whatismyip.com">
<kw name="Log" library="BuiltIn">
<arg>Accessing whatismyip.com</arg>
<doc>Logs the given message with the given level.</doc>
<msg timestamp="20211009 07:00:06.345" level="INFO">Accessing whatismyip.com</msg>
<status status="PASS" starttime="20211009 07:00:06.345" endtime="20211009 07:00:06.345"/>
</kw>
<kw name="Maximize Browser Window" library="Selenium2Library">
<doc>Maximizes current browser window.</doc>
<status status="PASS" starttime="20211009 07:00:06.345" endtime="20211009 07:00:06.459"/>
</kw>
<kw name="Wait Until Element Is Visible" library="Selenium2Library">
<arg>${element_ipv4}</arg>
<doc>Waits until the element ``locator`` is visible.</doc>
<status status="PASS" starttime="20211009 07:00:06.459" endtime="20211009 07:00:06.722"/>
</kw>
<for flavor="IN RANGE">
<var>${counter}</var>
<value>10</value>
<iter>
<var name="${counter}">0</var>
<kw name="Get Text" library="Selenium2Library">
<var>${input_ip_adress}</var>
<arg>${element_ipv4}</arg>
<doc>Returns the text value of the element identified by ``locator``.</doc>
<msg timestamp="20211009 07:00:06.734" level="INFO">${input_ip_adress} = 179.111.38.190</msg>
<status status="PASS" starttime="20211009 07:00:06.722" endtime="20211009 07:00:06.734"/>
</kw>
<kw name="Exit For Loop If" library="BuiltIn">
<arg>"${input_ip_adress}" != "Not Yet Detected"</arg>
<doc>Stops executing the enclosing for loop if the ``condition`` is true.</doc>
<msg timestamp="20211009 07:00:06.735" level="INFO">Exiting for loop altogether.</msg>
<status status="PASS" starttime="20211009 07:00:06.735" endtime="20211009 07:00:06.735"/>
</kw>
<status status="PASS" starttime="20211009 07:00:06.722" endtime="20211009 07:00:06.735"/>
</iter>
<status status="PASS" starttime="20211009 07:00:06.722" endtime="20211009 07:00:06.735"/>
</for>
<kw name="Log" library="BuiltIn">
<arg>"IP Address collected: ${input_ip_adress}""</arg>
<doc>Logs the given message with the given level.</doc>
<msg timestamp="20211009 07:00:06.736" level="INFO">"IP Address collected: 179.111.38.190""</msg>
<status status="PASS" starttime="20211009 07:00:06.736" endtime="20211009 07:00:06.736"/>
</kw>
<status status="PASS" starttime="20211009 07:00:06.345" endtime="20211009 07:00:06.736"/>
</test>
<test id="s1-t2" name="Access Clash Royale Login Page">
<kw name="Log" library="BuiltIn">
<arg>Accessing whatismyip.com</arg>
<doc>Logs the given message with the given level.</doc>
<msg timestamp="20211009 07:00:06.737" level="INFO">Accessing whatismyip.com</msg>
<status status="PASS" starttime="20211009 07:00:06.736" endtime="20211009 07:00:06.737"/>
</kw>
<kw name="Go To" library="Selenium2Library">
<arg>${url_clash_royale}</arg>
<doc>Navigates the current browser window to the provided ``url``.</doc>
<msg timestamp="20211009 07:00:06.737" level="INFO">Opening url 'https://developer.clashroyale.com'</msg>
<status status="PASS" starttime="20211009 07:00:06.737" endtime="20211009 07:00:07.755"/>
</kw>
<kw name="Wait Until Element Is Visible" library="Selenium2Library">
<arg>${element_login_link}</arg>
<doc>Waits until the element ``locator`` is visible.</doc>
<status status="PASS" starttime="20211009 07:00:07.755" endtime="20211009 07:00:08.199"/>
</kw>
<kw name="Click Element" library="Selenium2Library">
<arg>${element_login_link}</arg>
<doc>Click the element identified by ``locator``.</doc>
<msg timestamp="20211009 07:00:08.199" level="INFO">Clicking element 'xpath=//*[@id='content']/div/div[2]/div/header/div/div/div[3]/div/a[2]'.</msg>
<status status="PASS" starttime="20211009 07:00:08.199" endtime="20211009 07:00:08.236"/>
</kw>
<kw name="Wait Until Element Is Visible" library="Selenium2Library">
<arg>${element_email}</arg>
<doc>Waits until the element ``locator`` is visible.</doc>
<status status="PASS" starttime="20211009 07:00:08.236" endtime="20211009 07:00:08.253"/>
</kw>
<status status="PASS" starttime="20211009 07:00:06.736" endtime="20211009 07:00:08.253"/>
</test>
<test id="s1-t3" name="Login">
<kw name="Log" library="BuiltIn">
<arg>Accessing whatismyip.com</arg>
<doc>Logs the given message with the given level.</doc>
<msg timestamp="20211009 07:00:08.254" level="INFO">Accessing whatismyip.com</msg>
<status status="PASS" starttime="20211009 07:00:08.254" endtime="20211009 07:00:08.254"/>
</kw>
<kw name="Input Text" library="Selenium2Library">
<arg>${element_email}</arg>
<arg>${input_email}</arg>
<doc>Types the given ``text`` into the text field identified by ``locator``.</doc>
<msg timestamp="20211009 07:00:08.254" level="INFO">Typing text 'lipe_fcardoso@hotmail.com' into text field 'id=email'.</msg>
<status status="PASS" starttime="20211009 07:00:08.254" endtime="20211009 07:00:08.336"/>
</kw>
<kw name="Input Password" library="Selenium2Library">
<arg>${element_password}</arg>
<arg>${input_password}</arg>
<doc>Types the given password into the text field identified by ``locator``.</doc>
<msg timestamp="20211009 07:00:08.337" level="INFO">Typing password into text field 'id=password'.</msg>
<msg timestamp="20211009 07:00:08.366" level="INFO">Temporally setting log level to: NONE</msg>
<msg timestamp="20211009 07:00:08.407" level="INFO">Log level changed from NONE to INFO.</msg>
<status status="PASS" starttime="20211009 07:00:08.337" endtime="20211009 07:00:08.407"/>
</kw>
<kw name="Log" library="BuiltIn">
<arg>Filled email and password</arg>
<doc>Logs the given message with the given level.</doc>
<msg timestamp="20211009 07:00:08.408" level="INFO">Filled email and password</msg>
<status status="PASS" starttime="20211009 07:00:08.407" endtime="20211009 07:00:08.408"/>
</kw>
<kw name="Click Button" library="Selenium2Library">
<arg>${element_login_button}</arg>
<doc>Clicks the button identified by ``locator``.</doc>
<msg timestamp="20211009 07:00:08.408" level="INFO">Clicking button 'xpath=//*[@id="content"]/div/div[2]/div/div/div/div/div/div/form/div[4]/button'.</msg>
<status status="PASS" starttime="20211009 07:00:08.408" endtime="20211009 07:00:08.451"/>
</kw>
<kw name="Wait Until Element Is Visible" library="Selenium2Library">
<arg>${element_account_name}</arg>
<doc>Waits until the element ``locator`` is visible.</doc>
<status status="PASS" starttime="20211009 07:00:08.451" endtime="20211009 07:00:09.284"/>
</kw>
<kw name="Log" library="BuiltIn">
<arg>Success at Login</arg>
<doc>Logs the given message with the given level.</doc>
<msg timestamp="20211009 07:00:09.284" level="INFO">Success at Login</msg>
<status status="PASS" starttime="20211009 07:00:09.284" endtime="20211009 07:00:09.285"/>
</kw>
<status status="PASS" starttime="20211009 07:00:08.253" endtime="20211009 07:00:09.285"/>
</test>
<test id="s1-t4" name="Access My Account">
<kw name="Log" library="BuiltIn">
<arg>Accessing menu "My Account"</arg>
<doc>Logs the given message with the given level.</doc>
<msg timestamp="20211009 07:00:09.285" level="INFO">Accessing menu "My Account"</msg>
<status status="PASS" starttime="20211009 07:00:09.285" endtime="20211009 07:00:09.286"/>
</kw>
<kw name="Click Element" library="Selenium2Library">
<arg>${element_account_name}</arg>
<doc>Click the element identified by ``locator``.</doc>
<msg timestamp="20211009 07:00:09.286" level="INFO">Clicking element 'xpath=//*[@id="content"]/div/div[2]/div/header/div/div/div[3]/div/div/button'.</msg>
<status status="PASS" starttime="20211009 07:00:09.286" endtime="20211009 07:00:09.313"/>
</kw>
<kw name="Wait Until Element Is Visible" library="Selenium2Library">
<arg>${element_my_account}</arg>
<doc>Waits until the element ``locator`` is visible.</doc>
<status status="PASS" starttime="20211009 07:00:09.313" endtime="20211009 07:00:09.328"/>
</kw>
<kw name="Click Element" library="Selenium2Library">
<arg>${element_my_account}</arg>
<doc>Click the element identified by ``locator``.</doc>
<msg timestamp="20211009 07:00:09.328" level="INFO">Clicking element 'xpath=//*[@id="content"]/div/div[2]/div/header/div/div/div[3]/div/div/ul/li[1]/a'.</msg>
<status status="PASS" starttime="20211009 07:00:09.328" endtime="20211009 07:00:09.366"/>
</kw>
<kw name="Wait Until Element Is Visible" library="Selenium2Library">
<arg>${element_create_new_key}</arg>
<doc>Waits until the element ``locator`` is visible.</doc>
<status status="PASS" starttime="20211009 07:00:09.366" endtime="20211009 07:00:09.382"/>
</kw>
<kw name="Log" library="BuiltIn">
<arg>Success at accessing "My Account"</arg>
<doc>Logs the given message with the given level.</doc>
<msg timestamp="20211009 07:00:09.383" level="INFO">Success at accessing "My Account"</msg>
<status status="PASS" starttime="20211009 07:00:09.383" endtime="20211009 07:00:09.383"/>
</kw>
<status status="PASS" starttime="20211009 07:00:09.285" endtime="20211009 07:00:09.383"/>
</test>
<test id="s1-t5" name="Create New Key">
<kw name="Log" library="BuiltIn">
<arg>Creating new api key</arg>
<doc>Logs the given message with the given level.</doc>
<msg timestamp="20211009 07:00:09.384" level="INFO">Creating new api key</msg>
<status status="PASS" starttime="20211009 07:00:09.383" endtime="20211009 07:00:09.384"/>
</kw>
<kw name="Click Element" library="Selenium2Library">
<arg>${element_create_new_key}</arg>
<doc>Click the element identified by ``locator``.</doc>
<msg timestamp="20211009 07:00:09.384" level="INFO">Clicking element 'xpath=//*[@id="content"]/div/div[2]/div/div/section[2]/div/div/div[2]/p/a/span[2]'.</msg>
<status status="PASS" starttime="20211009 07:00:09.384" endtime="20211009 07:00:09.424"/>
</kw>
<kw name="Wait Until Element Is Visible" library="Selenium2Library">
<arg>${element_create_key}</arg>
<doc>Waits until the element ``locator`` is visible.</doc>
<status status="PASS" starttime="20211009 07:00:09.424" endtime="20211009 07:00:09.440"/>
</kw>
<kw name="Input Text" library="Selenium2Library">
<arg>${element_key_name}</arg>
<arg>${input_key_name}</arg>
<doc>Types the given ``text`` into the text field identified by ``locator``.</doc>
<msg timestamp="20211009 07:00:09.441" level="INFO">Typing text 'testePrime' into text field 'xpath=//*[@id="name"]'.</msg>
<status status="PASS" starttime="20211009 07:00:09.440" endtime="20211009 07:00:09.511"/>
</kw>
<kw name="Input Text" library="Selenium2Library">
<arg>${element_description}</arg>
<arg>${input_description}</arg>
<doc>Types the given ``text`` into the text field identified by ``locator``.</doc>
<msg timestamp="20211009 07:00:09.511" level="INFO">Typing text 'Teste de RPA para a empresa Prime Control' into text field 'xpath=//*[@id="description"]'.</msg>
<status status="PASS" starttime="20211009 07:00:09.511" endtime="20211009 07:00:09.603"/>
</kw>
<kw name="Input Text" library="Selenium2Library">
<arg>${element_ip_address}</arg>
<arg>${input_ip_address}</arg>
<doc>Types the given ``text`` into the text field identified by ``locator``.</doc>
<msg timestamp="20211009 07:00:09.604" level="INFO">Typing text '179.111.38.190' into text field 'xpath=//*[@id="range-0"]'.</msg>
<status status="PASS" starttime="20211009 07:00:09.603" endtime="20211009 07:00:09.671"/>
</kw>
<kw name="Log" library="BuiltIn">
<arg>Filled key name, description ip address</arg>
<doc>Logs the given message with the given level.</doc>
<msg timestamp="20211009 07:00:09.671" level="INFO">Filled key name, description ip address</msg>
<status status="PASS" starttime="20211009 07:00:09.671" endtime="20211009 07:00:09.671"/>
</kw>
<kw name="Click Element" library="Selenium2Library">
<arg>${element_create_key}</arg>
<doc>Click the element identified by ``locator``.</doc>
<msg timestamp="20211009 07:00:09.672" level="INFO">Clicking element 'xpath=//*[@id="content"]/div/div[2]/div/div/section/div/div/div[2]/form/div[5]/button/span[1]'.</msg>
<status status="PASS" starttime="20211009 07:00:09.671" endtime="20211009 07:00:09.703"/>
</kw>
<kw name="Wait Until Element Is Visible" library="Selenium2Library">
<arg>${key_created_successfully}</arg>
<doc>Waits until the element ``locator`` is visible.</doc>
<status status="PASS" starttime="20211009 07:00:09.703" endtime="20211009 07:00:10.132"/>
</kw>
<kw name="Get Text" library="Selenium2Library">
<var>${result_key_created}</var>
<arg>${key_created_successfully}</arg>
<doc>Returns the text value of the element identified by ``locator``.</doc>
<msg timestamp="20211009 07:00:10.144" level="INFO">${result_key_created} = Key created successfully.</msg>
<status status="PASS" starttime="20211009 07:00:10.132" endtime="20211009 07:00:10.144"/>
</kw>
<if>
<branch type="IF" condition="&quot;${result_key_created}&quot; != &quot;Key created successfully.&quot;">
<kw name="Fail" library="BuiltIn">
<arg>"Key nao foi criada com sucesso (mensagem de sucesso inexistente)."</arg>
<doc>Fails the test with the given message and optionally alters its tags.</doc>
<status status="NOT RUN" starttime="20211009 07:00:10.145" endtime="20211009 07:00:10.145"/>
</kw>
<kw name="Log" library="BuiltIn">
<arg>Clan api id: ${result_key_created} collected successfully</arg>
<doc>Logs the given message with the given level.</doc>
<status status="NOT RUN" starttime="20211009 07:00:10.145" endtime="20211009 07:00:10.145"/>
</kw>
<status status="NOT RUN" starttime="20211009 07:00:10.144" endtime="20211009 07:00:10.145"/>
</branch>
<status status="PASS" starttime="20211009 07:00:10.144" endtime="20211009 07:00:10.145"/>
</if>
<status status="PASS" starttime="20211009 07:00:09.383" endtime="20211009 07:00:10.145"/>
</test>
<test id="s1-t6" name="Write To CSV">
<kw name="Log" library="BuiltIn">
<arg>Collecting api key</arg>
<doc>Logs the given message with the given level.</doc>
<msg timestamp="20211009 07:00:10.146" level="INFO">Collecting api key</msg>
<status status="PASS" starttime="20211009 07:00:10.146" endtime="20211009 07:00:10.146"/>
</kw>
<kw name="Wait Until Element Is Visible" library="Selenium2Library">
<arg>${element_created_api}</arg>
<doc>Waits until the element ``locator`` is visible.</doc>
<status status="PASS" starttime="20211009 07:00:10.146" endtime="20211009 07:00:10.790"/>
</kw>
<kw name="Click Element" library="Selenium2Library">
<arg>${element_created_api}</arg>
<doc>Click the element identified by ``locator``.</doc>
<msg timestamp="20211009 07:00:10.791" level="INFO">Clicking element 'xpath=//*[@id="content"]/div/div[2]/div/div/section[2]/div/div/div[2]/ul/li/a'.</msg>
<status status="PASS" starttime="20211009 07:00:10.790" endtime="20211009 07:00:10.834"/>
</kw>
<kw name="Wait Until Element Is Visible" library="Selenium2Library">
<arg>${element_api_key}</arg>
<doc>Waits until the element ``locator`` is visible.</doc>
<status status="PASS" starttime="20211009 07:00:10.835" endtime="20211009 07:00:10.850"/>
</kw>
<kw name="Get Text" library="Selenium2Library">
<var>${api_key}</var>
<arg>${element_api_key}</arg>
<doc>Returns the text value of the element identified by ``locator``.</doc>
<msg timestamp="20211009 07:00:10.863" level="INFO">${api_key} = eyJ0eXAiOiJKV1QiLCJhbGciOiJIUzUxMiIsImtpZCI6IjI4YTMxOGY3LTAwMDAtYTFlYi03ZmExLTJjNzQzM2M2Y2NhNSJ9.eyJpc3MiOiJzdXBlcmNlbGwiLCJhdWQiOiJzdXBlcmNlbGw6Z2FtZWFwaSIsImp0aSI6IjAyYmRkZmRkLWE5OTEtNDVhOS1hMWM0LTM...</msg>
<status status="PASS" starttime="20211009 07:00:10.850" endtime="20211009 07:00:10.863"/>
</kw>
<kw name="Log" library="BuiltIn">
<arg>Collecting api key ${api_key}</arg>
<doc>Logs the given message with the given level.</doc>
<msg timestamp="20211009 07:00:10.863" level="INFO">Collecting api key eyJ0eXAiOiJKV1QiLCJhbGciOiJIUzUxMiIsImtpZCI6IjI4YTMxOGY3LTAwMDAtYTFlYi03ZmExLTJjNzQzM2M2Y2NhNSJ9.eyJpc3MiOiJzdXBlcmNlbGwiLCJhdWQiOiJzdXBlcmNlbGw6Z2FtZWFwaSIsImp0aSI6IjAyYmRkZmRkLWE5OTEtNDVhOS1hMWM0LTMxZmZiYmM2NjMxMSIsImlhdCI6MTYzMzc2OTY2OSwic3ViIjoiZGV2ZWxvcGVyL2QwNDM0NzA1LTliZDYtZWYxMS1hYmEzLTViODg0OWVmNjM5YyIsInNjb3BlcyI6WyJyb3lhbGUiXSwibGltaXRzIjpbeyJ0aWVyIjoiZGV2ZWxvcGVyL3NpbHZlciIsInR5cGUiOiJ0aHJvdHRsaW5nIn0seyJjaWRycyI6WyIxNzkuMTExLjM4LjE5MCJdLCJ0eXBlIjoiY2xpZW50In1dfQ.fFd0Ns0fILNw2m3DDFiV8nj-WdfeK2Ly15QqKalJbgAVmlRMRSlebRARvkbv5CL-NEsVM8DtTZedYBxDr1evjg</msg>
<status status="PASS" starttime="20211009 07:00:10.863" endtime="20211009 07:00:10.863"/>
</kw>
<kw name="Log" library="BuiltIn">
<arg>${api_key}</arg>
<doc>Logs the given message with the given level.</doc>
<msg timestamp="20211009 07:00:10.864" level="INFO">eyJ0eXAiOiJKV1QiLCJhbGciOiJIUzUxMiIsImtpZCI6IjI4YTMxOGY3LTAwMDAtYTFlYi03ZmExLTJjNzQzM2M2Y2NhNSJ9.eyJpc3MiOiJzdXBlcmNlbGwiLCJhdWQiOiJzdXBlcmNlbGw6Z2FtZWFwaSIsImp0aSI6IjAyYmRkZmRkLWE5OTEtNDVhOS1hMWM0LTMxZmZiYmM2NjMxMSIsImlhdCI6MTYzMzc2OTY2OSwic3ViIjoiZGV2ZWxvcGVyL2QwNDM0NzA1LTliZDYtZWYxMS1hYmEzLTViODg0OWVmNjM5YyIsInNjb3BlcyI6WyJyb3lhbGUiXSwibGltaXRzIjpbeyJ0aWVyIjoiZGV2ZWxvcGVyL3NpbHZlciIsInR5cGUiOiJ0aHJvdHRsaW5nIn0seyJjaWRycyI6WyIxNzkuMTExLjM4LjE5MCJdLCJ0eXBlIjoiY2xpZW50In1dfQ.fFd0Ns0fILNw2m3DDFiV8nj-WdfeK2Ly15QqKalJbgAVmlRMRSlebRARvkbv5CL-NEsVM8DtTZedYBxDr1evjg</msg>
<status status="PASS" starttime="20211009 07:00:10.863" endtime="20211009 07:00:10.864"/>
</kw>
<kw name="Create Dictionary" library="BuiltIn">
<var>${api_clan}</var>
<arg>url=https://api.clashroyale.com/v1/clans?name=Resistance</arg>
<arg>api_key=${api_key}</arg>
<doc>Creates and returns a dictionary based on the given ``items``.</doc>
<msg timestamp="20211009 07:00:10.864" level="INFO">${api_clan} = {'url': 'https://api.clashroyale.com/v1/clans?name=Resistance', 'api_key': 'eyJ0eXAiOiJKV1QiLCJhbGciOiJIUzUxMiIsImtpZCI6IjI4YTMxOGY3LTAwMDAtYTFlYi03ZmExLTJjNzQzM2M2Y2NhNSJ9.eyJpc3MiOiJzdXBlcmNlbGwiLCJ...</msg>
<status status="PASS" starttime="20211009 07:00:10.864" endtime="20211009 07:00:10.864"/>
</kw>
<kw name="Log" library="BuiltIn">
<arg>Collecting clan info ${api_clan}</arg>
<doc>Logs the given message with the given level.</doc>
<msg timestamp="20211009 07:00:10.864" level="INFO">Collecting clan info {'url': 'https://api.clashroyale.com/v1/clans?name=Resistance', 'api_key': 'eyJ0eXAiOiJKV1QiLCJhbGciOiJIUzUxMiIsImtpZCI6IjI4YTMxOGY3LTAwMDAtYTFlYi03ZmExLTJjNzQzM2M2Y2NhNSJ9.eyJpc3MiOiJzdXBlcmNlbGwiLCJhdWQiOiJzdXBlcmNlbGw6Z2FtZWFwaSIsImp0aSI6IjAyYmRkZmRkLWE5OTEtNDVhOS1hMWM0LTMxZmZiYmM2NjMxMSIsImlhdCI6MTYzMzc2OTY2OSwic3ViIjoiZGV2ZWxvcGVyL2QwNDM0NzA1LTliZDYtZWYxMS1hYmEzLTViODg0OWVmNjM5YyIsInNjb3BlcyI6WyJyb3lhbGUiXSwibGltaXRzIjpbeyJ0aWVyIjoiZGV2ZWxvcGVyL3NpbHZlciIsInR5cGUiOiJ0aHJvdHRsaW5nIn0seyJjaWRycyI6WyIxNzkuMTExLjM4LjE5MCJdLCJ0eXBlIjoiY2xpZW50In1dfQ.fFd0Ns0fILNw2m3DDFiV8nj-WdfeK2Ly15QqKalJbgAVmlRMRSlebRARvkbv5CL-NEsVM8DtTZedYBxDr1evjg'}</msg>
<status status="PASS" starttime="20211009 07:00:10.864" endtime="20211009 07:00:10.864"/>
</kw>
<kw name="Get Clan Information" library="API_CLASH">
<var>${obj_clan}</var>
<arg>${api_clan}</arg>
<msg timestamp="20211009 07:00:11.920" level="INFO">C:\Python39\lib\site-packages\urllib3\connectionpool.py:1013: InsecureRequestWarning: Unverified HTTPS request is being made to host 'api.clashroyale.com'. Adding certificate verification is strongly advised. See: https://urllib3.readthedocs.io/en/1.26.x/advanced-usage.html#ssl-warnings
  warnings.warn(</msg>
<msg timestamp="20211009 07:00:11.922" level="INFO">${obj_clan} = {'items': [{'tag': '#QRJVY8V9', 'name': 'RESISTANCE', 'type': 'open', 'badgeId': 16000168, 'clanScore': 48290, 'clanWarTrophies': 220, 'location': {'id': 57000246, 'name': 'Ukraine', 'isCountry': True...</msg>
<status status="PASS" starttime="20211009 07:00:10.864" endtime="20211009 07:00:11.922"/>
</kw>
<kw name="Get Clan Tag" library="API_CLASH">
<var>${clan_tag}</var>
<arg>${obj_clan}</arg>
<msg timestamp="20211009 07:00:11.922" level="INFO">${clan_tag} = %239V2YV8YJ</msg>
<status status="PASS" starttime="20211009 07:00:11.922" endtime="20211009 07:00:11.922"/>
</kw>
<kw name="Create Dictionary" library="BuiltIn">
<var>${api_clan_member}</var>
<arg>url=https://api.clashroyale.com/v1/clans/${clan_tag}/members</arg>
<arg>api_key=${api_key}</arg>
<doc>Creates and returns a dictionary based on the given ``items``.</doc>
<msg timestamp="20211009 07:00:11.922" level="INFO">${api_clan_member} = {'url': 'https://api.clashroyale.com/v1/clans/%239V2YV8YJ/members', 'api_key': 'eyJ0eXAiOiJKV1QiLCJhbGciOiJIUzUxMiIsImtpZCI6IjI4YTMxOGY3LTAwMDAtYTFlYi03ZmExLTJjNzQzM2M2Y2NhNSJ9.eyJpc3MiOiJzdXBlcmNlbGw...</msg>
<status status="PASS" starttime="20211009 07:00:11.922" endtime="20211009 07:00:11.923"/>
</kw>
<kw name="Get Clan Member Information" library="API_CLASH">
<var>${obj_clan_member}</var>
<arg>${api_clan_member}</arg>
<msg timestamp="20211009 07:00:12.885" level="INFO">C:\Python39\lib\site-packages\urllib3\connectionpool.py:1013: InsecureRequestWarning: Unverified HTTPS request is being made to host 'api.clashroyale.com'. Adding certificate verification is strongly advised. See: https://urllib3.readthedocs.io/en/1.26.x/advanced-usage.html#ssl-warnings
  warnings.warn(</msg>
<msg timestamp="20211009 07:00:12.886" level="INFO">${obj_clan_member} = {'items': [{'tag': '#9GGC9UJ0C', 'name': 'Diozer', 'role': 'leader', 'lastSeen': '20211008T233111.000Z', 'expLevel': 13, 'trophies': 5936, 'arena': {'id': 54000014, 'name': 'Challenger III'}, 'clanRan...</msg>
<status status="PASS" starttime="20211009 07:00:11.923" endtime="20211009 07:00:12.886"/>
</kw>
<kw name="Write To Csv" library="API_CLASH">
<arg>${path_csv}</arg>
<arg>${obj_clan_member}</arg>
<msg timestamp="20211009 07:00:12.887" level="INFO">Traceback (most recent call last):
  File "c:\Users\Felipe\Desktop\Teste Prime Control\testePrimeControl\API_CLASH.py", line 40, in write_to_csv
    with open(csv_path, 'w',encoding='utf-8-sig', newline="") as file:
FileNotFoundError: [Errno 2] No such file or directory: 'C:\\Users\\Felipe\\Desktop\\Teste Prime Control\\Finalizado\\Members.csv'</msg>
<status status="PASS" starttime="20211009 07:00:12.886" endtime="20211009 07:00:12.887"/>
</kw>
<kw name="Log" library="BuiltIn">
<arg>CSV written successfully</arg>
<doc>Logs the given message with the given level.</doc>
<msg timestamp="20211009 07:00:12.887" level="INFO">CSV written successfully</msg>
<status status="PASS" starttime="20211009 07:00:12.887" endtime="20211009 07:00:12.887"/>
</kw>
<status status="PASS" starttime="20211009 07:00:10.145" endtime="20211009 07:00:12.887"/>
</test>
<kw name="Close All Browsers" library="Selenium2Library" type="TEARDOWN">
<doc>Closes all open browsers and resets the browser cache.</doc>
<status status="PASS" starttime="20211009 07:00:12.888" endtime="20211009 07:00:15.015"/>
</kw>
<status status="PASS" starttime="20211009 06:59:50.482" endtime="20211009 07:00:15.015"/>
</suite>
<statistics>
<total>
<stat pass="6" fail="0" skip="0">All Tests</stat>
</total>
<tag>
</tag>
<suite>
<stat pass="6" fail="0" skip="0" id="s1" name="Robot">Robot</stat>
</suite>
</statistics>
<errors>
</errors>
</robot>
